<?xml version="1.0" encoding="UTF-8"?>
<!-- Generated by org.testng.reporters.JUnitXMLReporter -->
<testsuite ignored="0" hostname="DESKTOP-6J303DO" failures="0" tests="4" name="chromeTest" time="47.176" errors="0" timestamp="2022-10-18T12:53:47 IST">
  <testcase classname="com.SauceDemo.testClass.TC01_VerifyLoginFunctionality" name="verifyLoginFunctionality" time="0.025"/>
  <testcase classname="com.SauceDemo.testClass.TC02_VerifyLogOutFunctionality" name="verifyLogOutFunctionality" time="0.208"/>
  <testcase classname="com.SauceDemo.testClass.TC03_VerifyBagAddToCartFunctionality" name="VerifyBagAddToCartFunctionality" time="0.232"/>
  <testcase classname="com.SauceDemo.testClass.TC04_VerifyAllProductFunctionality" name="verifyAllProductFunctionality" time="0.504"/>
</testsuite> <!-- chromeTest -->
