<?xml version="1.0" encoding="UTF-8"?>
<!-- Generated by org.testng.reporters.JUnitXMLReporter -->
<testsuite ignored="0" hostname="DESKTOP-6J303DO" failures="0" tests="4" name="firefoxTest" time="65.484" errors="0" timestamp="2022-10-17T18:45:14 IST">
  <testcase classname="com.SauceDemo.testClass.TC01_VerifyLoginFunctionality" name="verifyLoginFunctionality" time="0.025"/>
  <testcase classname="com.SauceDemo.testClass.TC02_VerifyLogOutFunctionality" name="verifyLogOutFunctionality" time="0.597"/>
  <testcase classname="com.SauceDemo.testClass.TC03_VerifyBagAddToCartFunctionality" name="VerifyBagAddToCartFunctionality" time="0.314"/>
  <testcase classname="com.SauceDemo.testClass.TC04_VerifyAllProductFunctionality" name="verifyAllProductFunctionality" time="2.706"/>
</testsuite> <!-- firefoxTest -->
