<?xml version="1.0" encoding="UTF-8"?>
<!-- Generated by org.testng.reporters.JUnitXMLReporter -->
<testsuite ignored="0" hostname="DESKTOP-6J303DO" failures="1" tests="4" name="ParallelTest" time="79.895" errors="0" timestamp="2022-10-17T18:38:11 IST">
  <testcase classname="com.SauceDemo.testClass.TC03_VerifyBagAddToCartFunctionality" name="VerifyBagAddToCartFunctionality" time="0.45"/>
  <testcase classname="com.SauceDemo.testClass.TC04_VerifyAllProductFunctionality" name="verifyAllProductFunctionality" time="4.187"/>
  <testcase classname="com.SauceDemo.testClass.TC01_VerifyLoginFunctionality" name="verifyLoginFunctionality" time="0.008"/>
  <testcase classname="com.SauceDemo.testClass.TC02_VerifyLogOutFunctionality" name="verifyLogOutFunctionality" time="1.819">
    <failure type="org.openqa.selenium.ElementNotInteractableException" message="Element &amp;lt;a id=&amp;quot;logout_sidebar_link&amp;quot; class=&amp;quot;bm-item menu-item&amp;quot; href=&amp;quot;#&amp;quot;&amp;gt; could not be scrolled into view
Build info: version: &amp;apos;4.4.0&amp;apos;, revision: &amp;apos;e5c75ed026a&amp;apos;
System info: host: &amp;apos;DESKTOP-6J303DO&amp;apos;, ip: &amp;apos;192.168.43.133&amp;apos;, os.name: &amp;apos;Windows 10&amp;apos;, os.arch: &amp;apos;amd64&amp;apos;, os.version: &amp;apos;10.0&amp;apos;, java.version: &amp;apos;18.0.1&amp;apos;
Driver info: org.openqa.selenium.firefox.FirefoxDriver
Command: [6a981753-e175-4214-b6e3-5c59e2849bda, clickElement {id=a233e1a5-4ada-4750-a31b-bce46c4b3793}]
Capabilities {acceptInsecureCerts: true, browserName: firefox, browserVersion: 105.0.3, moz:accessibilityChecks: false, moz:buildID: 20221007134813, moz:debuggerAddress: 127.0.0.1:55154, moz:geckodriverVersion: 0.32.0, moz:headless: false, moz:platformVersion: 10.0, moz:processID: 15844, moz:profile: C:\Users\RANJEE~1\AppData\L..., moz:shutdownTimeout: 60000, moz:useNonSpecCompliantPointerOrigin: false, moz:webdriverClick: true, moz:windowless: false, pageLoadStrategy: normal, platformName: WINDOWS, proxy: Proxy(), se:cdp: ws://127.0.0.1:55154/devtoo..., se:cdpVersion: 85.0, setWindowRect: true, strictFileInteractability: false, timeouts: {implicit: 0, pageLoad: 300000, script: 30000}, unhandledPromptBehavior: dismiss and notify}
Element: [[FirefoxDriver: firefox on WINDOWS (6a981753-e175-4214-b6e3-5c59e2849bda)] -&amp;gt; xpath: //a[@id=&amp;quot;logout_sidebar_link&amp;quot;]]
Session ID: 6a981753-e175-4214-b6e3-5c59e2849bda">
      <![CDATA[org.openqa.selenium.ElementNotInteractableException: Element <a id="logout_sidebar_link" class="bm-item menu-item" href="#"> could not be scrolled into view
Build info: version: '4.4.0', revision: 'e5c75ed026a'
System info: host: 'DESKTOP-6J303DO', ip: '192.168.43.133', os.name: 'Windows 10', os.arch: 'amd64', os.version: '10.0', java.version: '18.0.1'
Driver info: org.openqa.selenium.firefox.FirefoxDriver
Command: [6a981753-e175-4214-b6e3-5c59e2849bda, clickElement {id=a233e1a5-4ada-4750-a31b-bce46c4b3793}]
Capabilities {acceptInsecureCerts: true, browserName: firefox, browserVersion: 105.0.3, moz:accessibilityChecks: false, moz:buildID: 20221007134813, moz:debuggerAddress: 127.0.0.1:55154, moz:geckodriverVersion: 0.32.0, moz:headless: false, moz:platformVersion: 10.0, moz:processID: 15844, moz:profile: C:\Users\RANJEE~1\AppData\L..., moz:shutdownTimeout: 60000, moz:useNonSpecCompliantPointerOrigin: false, moz:webdriverClick: true, moz:windowless: false, pageLoadStrategy: normal, platformName: WINDOWS, proxy: Proxy(), se:cdp: ws://127.0.0.1:55154/devtoo..., se:cdpVersion: 85.0, setWindowRect: true, strictFileInteractability: false, timeouts: {implicit: 0, pageLoad: 300000, script: 30000}, unhandledPromptBehavior: dismiss and notify}
Element: [[FirefoxDriver: firefox on WINDOWS (6a981753-e175-4214-b6e3-5c59e2849bda)] -> xpath: //a[@id="logout_sidebar_link"]]
Session ID: 6a981753-e175-4214-b6e3-5c59e2849bda
at org.openqa.selenium.remote.codec.w3c.W3CHttpResponseCodec.createException(W3CHttpResponseCodec.java:200)
at org.openqa.selenium.remote.codec.w3c.W3CHttpResponseCodec.decode(W3CHttpResponseCodec.java:133)
at org.openqa.selenium.remote.codec.w3c.W3CHttpResponseCodec.decode(W3CHttpResponseCodec.java:53)
at org.openqa.selenium.remote.HttpCommandExecutor.execute(HttpCommandExecutor.java:184)
at org.openqa.selenium.remote.service.DriverCommandExecutor.invokeExecute(DriverCommandExecutor.java:167)
at org.openqa.selenium.remote.service.DriverCommandExecutor.execute(DriverCommandExecutor.java:142)
at org.openqa.selenium.remote.RemoteWebDriver.execute(RemoteWebDriver.java:547)
at org.openqa.selenium.remote.RemoteWebElement.execute(RemoteWebElement.java:257)
at org.openqa.selenium.remote.RemoteWebElement.click(RemoteWebElement.java:78)
at org.openqa.selenium.support.pagefactory.internal.LocatingElementHandler.invoke(LocatingElementHandler.java:52)
at jdk.proxy2/jdk.proxy2.$Proxy17.click(Unknown Source)
at com.SauceDemo.POMClass.HomePOMClass.clickLogoutButton(HomePOMClass.java:35)
at com.SauceDemo.testClass.TC02_VerifyLogOutFunctionality.verifyLogOutFunctionality(TC02_VerifyLogOutFunctionality.java:19)
at java.base/java.util.concurrent.ThreadPoolExecutor.runWorker(ThreadPoolExecutor.java:1136)
at java.base/java.util.concurrent.ThreadPoolExecutor$Worker.run(ThreadPoolExecutor.java:635)
at java.base/java.lang.Thread.run(Thread.java:833)
... Removed 15 stack frames]]>
    </failure>
  </testcase> <!-- verifyLogOutFunctionality -->
</testsuite> <!-- ParallelTest -->
