<?xml version="1.0" encoding="UTF-8"?>
<!-- Generated by org.testng.reporters.JUnitXMLReporter -->
<testsuite ignored="0" hostname="DESKTOP-6J303DO" failures="0" tests="4" name="Test" time="35.116" errors="0" timestamp="2022-10-19T00:20:18 IST">
  <testcase classname="com.SauceDemo.testClass.TC01_VerifyLoginFunctionality" name="verifyLoginFunctionality" time="0.729"/>
  <testcase classname="com.SauceDemo.testClass.TC02_VerifyLogOutFunctionality" name="verifyLogOutFunctionality" time="0.736"/>
  <testcase classname="com.SauceDemo.testClass.TC03_VerifyBagAddToCartFunctionality" name="VerifyBagAddToCartFunctionality" time="1.051"/>
  <testcase classname="com.SauceDemo.testClass.TC04_VerifyAllProductFunctionality" name="verifyAllProductFunctionality" time="1.165"/>
</testsuite> <!-- Test -->
