<?xml version="1.0" encoding="UTF-8"?>
<testng-results ignored="0" total="4" passed="4" failed="0" skipped="0">
  <reporter-output>
  </reporter-output>
  <suite started-at="2022-10-19T00:19:43 IST" name="Suite" finished-at="2022-10-19T00:20:18 IST" duration-ms="35116">
    <groups>
    </groups>
    <test started-at="2022-10-19T00:19:43 IST" name="Test" finished-at="2022-10-19T00:20:18 IST" duration-ms="35116">
      <class name="com.SauceDemo.testClass.TC03_VerifyBagAddToCartFunctionality">
        <test-method is-config="true" signature="setUp(java.lang.String)[pri:0, instance:com.SauceDemo.testClass.TC03_VerifyBagAddToCartFunctionality@4efac082]" started-at="2022-10-19T00:20:02 IST" name="setUp" finished-at="2022-10-19T00:20:09 IST" duration-ms="6862" status="PASS">
          <params>
            <param index="0">
              <value>
                <![CDATA[chrome]]>
              </value>
            </param>
          </params>
          <reporter-output>
          </reporter-output>
        </test-method> <!-- setUp -->
        <test-method signature="VerifyBagAddToCartFunctionality()[pri:0, instance:com.SauceDemo.testClass.TC03_VerifyBagAddToCartFunctionality@4efac082]" started-at="2022-10-19T00:20:09 IST" name="VerifyBagAddToCartFunctionality" finished-at="2022-10-19T00:20:10 IST" duration-ms="1051" status="PASS">
          <reporter-output>
          </reporter-output>
        </test-method> <!-- VerifyBagAddToCartFunctionality -->
        <test-method is-config="true" signature="tearDown()[pri:0, instance:com.SauceDemo.testClass.TC03_VerifyBagAddToCartFunctionality@4efac082]" started-at="2022-10-19T00:20:10 IST" name="tearDown" finished-at="2022-10-19T00:20:10 IST" duration-ms="315" status="PASS">
          <reporter-output>
          </reporter-output>
        </test-method> <!-- tearDown -->
      </class> <!-- com.SauceDemo.testClass.TC03_VerifyBagAddToCartFunctionality -->
      <class name="com.SauceDemo.testClass.TC04_VerifyAllProductFunctionality">
        <test-method is-config="true" signature="setUp(java.lang.String)[pri:0, instance:com.SauceDemo.testClass.TC04_VerifyAllProductFunctionality@6bd61f98]" started-at="2022-10-19T00:20:10 IST" name="setUp" finished-at="2022-10-19T00:20:17 IST" duration-ms="6268" status="PASS">
          <params>
            <param index="0">
              <value>
                <![CDATA[chrome]]>
              </value>
            </param>
          </params>
          <reporter-output>
          </reporter-output>
        </test-method> <!-- setUp -->
        <test-method signature="verifyAllProductFunctionality()[pri:0, instance:com.SauceDemo.testClass.TC04_VerifyAllProductFunctionality@6bd61f98]" started-at="2022-10-19T00:20:17 IST" name="verifyAllProductFunctionality" finished-at="2022-10-19T00:20:18 IST" duration-ms="1165" status="PASS">
          <reporter-output>
          </reporter-output>
        </test-method> <!-- verifyAllProductFunctionality -->
        <test-method is-config="true" signature="tearDown()[pri:0, instance:com.SauceDemo.testClass.TC04_VerifyAllProductFunctionality@6bd61f98]" started-at="2022-10-19T00:20:18 IST" name="tearDown" finished-at="2022-10-19T00:20:18 IST" duration-ms="158" status="PASS">
          <reporter-output>
          </reporter-output>
        </test-method> <!-- tearDown -->
      </class> <!-- com.SauceDemo.testClass.TC04_VerifyAllProductFunctionality -->
      <class name="com.SauceDemo.testClass.TC02_VerifyLogOutFunctionality">
        <test-method is-config="true" signature="setUp(java.lang.String)[pri:0, instance:com.SauceDemo.testClass.TC02_VerifyLogOutFunctionality@59505b48]" started-at="2022-10-19T00:19:53 IST" name="setUp" finished-at="2022-10-19T00:20:01 IST" duration-ms="8428" status="PASS">
          <params>
            <param index="0">
              <value>
                <![CDATA[chrome]]>
              </value>
            </param>
          </params>
          <reporter-output>
          </reporter-output>
        </test-method> <!-- setUp -->
        <test-method signature="verifyLogOutFunctionality()[pri:0, instance:com.SauceDemo.testClass.TC02_VerifyLogOutFunctionality@59505b48]" started-at="2022-10-19T00:20:01 IST" name="verifyLogOutFunctionality" finished-at="2022-10-19T00:20:02 IST" duration-ms="736" status="PASS">
          <reporter-output>
          </reporter-output>
        </test-method> <!-- verifyLogOutFunctionality -->
        <test-method is-config="true" signature="tearDown()[pri:0, instance:com.SauceDemo.testClass.TC02_VerifyLogOutFunctionality@59505b48]" started-at="2022-10-19T00:20:02 IST" name="tearDown" finished-at="2022-10-19T00:20:02 IST" duration-ms="190" status="PASS">
          <reporter-output>
          </reporter-output>
        </test-method> <!-- tearDown -->
      </class> <!-- com.SauceDemo.testClass.TC02_VerifyLogOutFunctionality -->
      <class name="com.SauceDemo.testClass.TC01_VerifyLoginFunctionality">
        <test-method is-config="true" signature="setUp(java.lang.String)[pri:0, instance:com.SauceDemo.testClass.TC01_VerifyLoginFunctionality@5a56cdac]" started-at="2022-10-19T00:19:43 IST" name="setUp" finished-at="2022-10-19T00:19:52 IST" duration-ms="8799" status="PASS">
          <params>
            <param index="0">
              <value>
                <![CDATA[chrome]]>
              </value>
            </param>
          </params>
          <reporter-output>
          </reporter-output>
        </test-method> <!-- setUp -->
        <test-method signature="verifyLoginFunctionality()[pri:0, instance:com.SauceDemo.testClass.TC01_VerifyLoginFunctionality@5a56cdac]" started-at="2022-10-19T00:19:52 IST" name="verifyLoginFunctionality" finished-at="2022-10-19T00:19:52 IST" duration-ms="729" status="PASS">
          <reporter-output>
          </reporter-output>
        </test-method> <!-- verifyLoginFunctionality -->
        <test-method is-config="true" signature="tearDown()[pri:0, instance:com.SauceDemo.testClass.TC01_VerifyLoginFunctionality@5a56cdac]" started-at="2022-10-19T00:19:52 IST" name="tearDown" finished-at="2022-10-19T00:19:53 IST" duration-ms="332" status="PASS">
          <reporter-output>
          </reporter-output>
        </test-method> <!-- tearDown -->
      </class> <!-- com.SauceDemo.testClass.TC01_VerifyLoginFunctionality -->
    </test> <!-- Test -->
  </suite> <!-- Suite -->
</testng-results>
